<?xml version="1.0" encoding="UTF-8"?>
<!-- Generated by org.testng.reporters.JUnitReportReporter -->
<testsuite hostname="LAPTOP-1L7K03UB" failures="0" tests="1" name="KiteTest.ValidateKiteUserID_Prop" time="2.230" errors="0" timestamp="2022-07-06T17:16:45 IST" skipped="0">
  <testcase classname="KiteTest.ValidateKiteUserID_Prop" name="ValidateUserID" time="2.230"/>
  <system-out>
    <![CDATA[Actual and Expected User ID are matching, TC is Passed
TC passed and TC name is ValidateUserID]]>
  </system-out>
</testsuite> <!-- KiteTest.ValidateKiteUserID_Prop -->
